c:\users\sneha\desktop\sockets\server\debug\vc120.pdb
c:\users\sneha\desktop\sockets\server\debug\vc120.idb
c:\users\sneha\desktop\sockets\server\debug\apphelpers.obj
c:\users\sneha\desktop\sockets\server\debug\filesystem.obj
c:\users\sneha\desktop\sockets\server\debug\message.obj
c:\users\sneha\desktop\sockets\server\debug\receiver.obj
c:\users\sneha\desktop\sockets\server\debug\sender.obj
c:\users\sneha\desktop\sockets\server\debug\sockets.obj
c:\users\sneha\desktop\sockets\server\debug\servertest.obj
c:\users\sneha\desktop\sockets\server\debug\display.obj
c:\users\sneha\desktop\sockets\server\debug\blockingqueue.obj
c:\users\sneha\desktop\sockets\server\debug\server.vcxprojresolveassemblyreference.cache
c:\users\sneha\desktop\sockets\debug\server.pdb
c:\users\sneha\desktop\sockets\server\debug\server.tlog\cl.command.1.tlog
c:\users\sneha\desktop\sockets\server\debug\server.tlog\cl.read.1.tlog
c:\users\sneha\desktop\sockets\server\debug\server.tlog\cl.write.1.tlog
c:\users\sneha\desktop\sockets\server\debug\server.tlog\link-cvtres.read.1.tlog
c:\users\sneha\desktop\sockets\server\debug\server.tlog\link-cvtres.write.1.tlog
c:\users\sneha\desktop\sockets\server\debug\server.tlog\link-rc.read.1.tlog
c:\users\sneha\desktop\sockets\server\debug\server.tlog\link-rc.write.1.tlog
c:\users\sneha\desktop\sockets\server\debug\server.tlog\link.command.1.tlog
c:\users\sneha\desktop\sockets\server\debug\server.tlog\link.read.1.tlog
c:\users\sneha\desktop\sockets\server\debug\server.tlog\link.write.1.tlog
