c:\ood-4\sockets\server\debug\vc120.pdb
c:\ood-4\sockets\server\debug\vc120.idb
c:\ood-4\sockets\server\debug\apphelpers.obj
c:\ood-4\sockets\server\debug\blockingqueue.obj
c:\ood-4\sockets\server\debug\display.obj
c:\ood-4\sockets\server\debug\filesystem.obj
c:\ood-4\sockets\server\debug\message.obj
c:\ood-4\sockets\server\debug\receiver.obj
c:\ood-4\sockets\server\debug\sender.obj
c:\ood-4\sockets\server\debug\sockets.obj
c:\ood-4\sockets\server\debug\servertest.obj
c:\ood-4\sockets\debug\serverexecutive.ilk
c:\ood-4\sockets\debug\serverexecutive.exe
c:\ood-4\sockets\debug\serverexecutive.pdb
c:\ood-4\sockets\server\debug\serverexecutive.tlog\cl.command.1.tlog
c:\ood-4\sockets\server\debug\serverexecutive.tlog\cl.read.1.tlog
c:\ood-4\sockets\server\debug\serverexecutive.tlog\cl.write.1.tlog
c:\ood-4\sockets\server\debug\serverexecutive.tlog\link.command.1.tlog
c:\ood-4\sockets\server\debug\serverexecutive.tlog\link.read.1.tlog
c:\ood-4\sockets\server\debug\serverexecutive.tlog\link.write.1.tlog
